<?xml version="1.0" encoding="UTF-8"?>
<!-- Generated by org.testng.reporters.JUnitXMLReporter -->
<testsuite hostname="WIN-81NG0PGA72A" ignored="0" name="Default test" tests="6" failures="0" timestamp="25 Jul 2019 21:08:40 GMT" time="66.32" errors="0">
  <testcase name="PageLoad" time="7.724" classname="io.kickCity.KickCityCheck"/>
  <testcase name="Signin" time="1.251" classname="io.kickCity.KickCityCheck"/>
  <testcase name="CreateEvent" time="2.173" classname="io.kickCity.KickCityCheck"/>
  <testcase name="EventCreation" time="35.645" classname="io.kickCity.KickCityCheck"/>
  <testcase name="BookingPage" time="4.287" classname="io.kickCity.KickCityCheck"/>
  <testcase name="Payment" time="15.175" classname="io.kickCity.KickCityCheck"/>
</testsuite> <!-- Default test -->
