<?xml version="1.0" encoding="UTF-8"?>
<testng-results skipped="0" failed="0" ignored="0" total="8" passed="8">
  <reporter-output>
  </reporter-output>
  <suite name="TestNGPrograms" duration-ms="93072" started-at="2020-07-21T08:09:04Z" finished-at="2020-07-21T08:10:37Z">
    <groups>
    </groups>
    <test name="Zerowebapploginflow" duration-ms="19916" started-at="2020-07-21T08:09:04Z" finished-at="2020-07-21T08:09:24Z">
      <class name="TestNGPrograms.ZeroSecurity">
        <test-method status="PASS" signature="pageload()[pri:0, instance:TestNGPrograms.ZeroSecurity@57fffcd7]" name="pageload" duration-ms="17148" started-at="2020-07-21T08:09:04Z" finished-at="2020-07-21T08:09:21Z">
          <reporter-output>
          </reporter-output>
        </test-method> <!-- pageload -->
        <test-method status="PASS" signature="quit()[pri:0, instance:TestNGPrograms.ZeroSecurity@57fffcd7]" name="quit" duration-ms="2719" started-at="2020-07-21T08:09:21Z" finished-at="2020-07-21T08:09:24Z">
          <reporter-output>
          </reporter-output>
        </test-method> <!-- quit -->
      </class> <!-- TestNGPrograms.ZeroSecurity -->
    </test> <!-- Zerowebapploginflow -->
    <test name="YourlogoRegloginlogout" duration-ms="73076" started-at="2020-07-21T08:09:24Z" finished-at="2020-07-21T08:10:37Z">
      <class name="TestNGPrograms.YourLogoForTestNG">
        <test-method status="PASS" signature="pageLoad()[pri:0, instance:TestNGPrograms.YourLogoForTestNG@3159c4b8]" name="pageLoad" duration-ms="13114" started-at="2020-07-21T08:09:24Z" finished-at="2020-07-21T08:09:37Z">
          <reporter-output>
          </reporter-output>
        </test-method> <!-- pageLoad -->
        <test-method status="PASS" signature="registration()[pri:0, instance:TestNGPrograms.YourLogoForTestNG@3159c4b8]" name="registration" duration-ms="11398" started-at="2020-07-21T08:09:37Z" finished-at="2020-07-21T08:09:48Z">
          <reporter-output>
          </reporter-output>
        </test-method> <!-- registration -->
        <test-method status="PASS" signature="spersonalInfo()[pri:0, instance:TestNGPrograms.YourLogoForTestNG@3159c4b8]" name="spersonalInfo" duration-ms="33003" started-at="2020-07-21T08:09:48Z" finished-at="2020-07-21T08:10:21Z">
          <reporter-output>
          </reporter-output>
        </test-method> <!-- spersonalInfo -->
        <test-method status="PASS" signature="taddressInfo()[pri:0, instance:TestNGPrograms.YourLogoForTestNG@3159c4b8]" name="taddressInfo" duration-ms="7438" started-at="2020-07-21T08:10:21Z" finished-at="2020-07-21T08:10:29Z">
          <reporter-output>
          </reporter-output>
        </test-method> <!-- taddressInfo -->
        <test-method status="PASS" signature="usignOut()[pri:0, instance:TestNGPrograms.YourLogoForTestNG@3159c4b8]" name="usignOut" duration-ms="4689" started-at="2020-07-21T08:10:29Z" finished-at="2020-07-21T08:10:34Z">
          <reporter-output>
          </reporter-output>
        </test-method> <!-- usignOut -->
        <test-method status="PASS" signature="vsignIn()[pri:0, instance:TestNGPrograms.YourLogoForTestNG@3159c4b8]" name="vsignIn" duration-ms="3417" started-at="2020-07-21T08:10:34Z" finished-at="2020-07-21T08:10:37Z">
          <reporter-output>
          </reporter-output>
        </test-method> <!-- vsignIn -->
      </class> <!-- TestNGPrograms.YourLogoForTestNG -->
    </test> <!-- YourlogoRegloginlogout -->
  </suite> <!-- TestNGPrograms -->
</testng-results>
