<?xml version="1.0" encoding="UTF-8"?>
<testng-results skipped="0" failed="0" ignored="0" total="5" passed="5">
  <reporter-output>
  </reporter-output>
  <suite name="Default suite" duration-ms="11500" started-at="2019-12-11T10:14:08Z" finished-at="2019-12-11T10:14:20Z">
    <groups>
    </groups>
    <test name="Default test" duration-ms="11500" started-at="2019-12-11T10:14:08Z" finished-at="2019-12-11T10:14:20Z">
      <class name="com.flipkart.scripts.FlipkartProductShopScript">
        <test-method status="PASS" signature="PageLoad()[pri:1, instance:com.flipkart.scripts.FlipkartProductShopScript@36d4b5c]" name="PageLoad" duration-ms="7866" started-at="2019-12-11T10:14:08Z" finished-at="2019-12-11T10:14:16Z">
          <reporter-output>
          </reporter-output>
        </test-method> <!-- PageLoad -->
        <test-method status="PASS" signature="startuplayer()[pri:2, instance:com.flipkart.scripts.FlipkartProductShopScript@36d4b5c]" name="startuplayer" duration-ms="314" started-at="2019-12-11T10:14:16Z" finished-at="2019-12-11T10:14:16Z">
          <reporter-output>
          </reporter-output>
        </test-method> <!-- startuplayer -->
        <test-method status="PASS" signature="searchingMobile()[pri:3, instance:com.flipkart.scripts.FlipkartProductShopScript@36d4b5c]" name="searchingMobile" duration-ms="664" started-at="2019-12-11T10:14:17Z" finished-at="2019-12-11T10:14:17Z">
          <reporter-output>
          </reporter-output>
        </test-method> <!-- searchingMobile -->
        <test-method status="PASS" signature="mobileSelection()[pri:4, instance:com.flipkart.scripts.FlipkartProductShopScript@36d4b5c]" name="mobileSelection" duration-ms="662" started-at="2019-12-11T10:14:17Z" finished-at="2019-12-11T10:14:18Z">
          <reporter-output>
          </reporter-output>
        </test-method> <!-- mobileSelection -->
        <test-method status="PASS" signature="addToCart()[pri:5, instance:com.flipkart.scripts.FlipkartProductShopScript@36d4b5c]" name="addToCart" duration-ms="1964" started-at="2019-12-11T10:14:18Z" finished-at="2019-12-11T10:14:20Z">
          <reporter-output>
          </reporter-output>
        </test-method> <!-- addToCart -->
      </class> <!-- com.flipkart.scripts.FlipkartProductShopScript -->
    </test> <!-- Default test -->
  </suite> <!-- Default suite -->
</testng-results>
