<?xml version="1.0" encoding="UTF-8"?>
<testng-results skipped="0" failed="1" ignored="0" total="2" passed="1">
  <reporter-output>
  </reporter-output>
  <suite name="com.toptal.script" duration-ms="17248" started-at="2020-05-24T04:37:36Z" finished-at="2020-05-24T04:37:53Z">
    <groups>
    </groups>
    <test name="Test" duration-ms="17248" started-at="2020-05-24T04:37:36Z" finished-at="2020-05-24T04:37:53Z">
      <class name="com.toptal.script.ToptalScript">
        <test-method status="PASS" signature="PageLoad()[pri:0, instance:com.toptal.script.ToptalScript@7dc7cbad]" name="PageLoad" is-config="true" duration-ms="6289" started-at="2020-05-24T04:37:29Z" finished-at="2020-05-24T04:37:36Z">
          <reporter-output>
          </reporter-output>
        </test-method> <!-- PageLoad -->
        <test-method status="PASS" signature="RoleLinkClick()[pri:1, instance:com.toptal.script.ToptalScript@7dc7cbad]" name="RoleLinkClick" duration-ms="7122" started-at="2020-05-24T04:37:36Z" finished-at="2020-05-24T04:37:43Z">
          <reporter-output>
          </reporter-output>
        </test-method> <!-- RoleLinkClick -->
        <test-method status="FAIL" signature="Registration()[pri:2, instance:com.toptal.script.ToptalScript@7dc7cbad]" name="Registration" duration-ms="10061" started-at="2020-05-24T04:37:43Z" finished-at="2020-05-24T04:37:53Z">
          <exception class="org.openqa.selenium.ElementClickInterceptedException">
            <message>
              <![CDATA[element click intercepted: Element <input type="submit" name="commit" value="Join Toptal" class="button is-green_candy is-medium form-actions-submit no_flexbox-form_submit_button g-recaptcha" data-loader="Please wait..." data-sitekey="6LfgR1UUAAAAAJ8-zrjvTk18gKat-4CdBPSrUJoR" data-callback="invisibleRecaptchaRemoteSubmit" data-disable-with="Join Toptal" wrapper="false" id="save_new_talent_create_applicant"> is not clickable at point (756, 717). Other element would receive the click: <div class="cookie_banner-message" data-role="message">...</div>
  (Session info: chrome=81.0.4044.138)
Build info: version: '3.141.59', revision: 'e82be7d358', time: '2018-11-14T08:25:48'
System info: host: 'WIN-81NG0PGA72A', ip: '172.16.12.128', os.name: 'Windows 7', os.arch: 'amd64', os.version: '6.1', java.version: '1.8.0_211'
Driver info: org.openqa.selenium.chrome.ChromeDriver
Capabilities {acceptInsecureCerts: false, browserName: chrome, browserVersion: 81.0.4044.138, chrome: {chromedriverVersion: 81.0.4044.138 (8c6c7ba89cc9..., userDataDir: C:\Users\P01242\AppData\Loc...}, goog:chromeOptions: {debuggerAddress: localhost:54712}, javascriptEnabled: true, networkConnectionEnabled: false, pageLoadStrategy: normal, platform: WINDOWS, platformName: WINDOWS, proxy: Proxy(), setWindowRect: true, strictFileInteractability: false, timeouts: {implicit: 0, pageLoad: 300000, script: 30000}, unhandledPromptBehavior: dismiss and notify, webauthn:virtualAuthenticators: true}
Session ID: 412dc801f9fe47af544bdf0559a5521d]]>
            </message>
            <full-stacktrace>
              <![CDATA[org.openqa.selenium.ElementClickInterceptedException: element click intercepted: Element <input type="submit" name="commit" value="Join Toptal" class="button is-green_candy is-medium form-actions-submit no_flexbox-form_submit_button g-recaptcha" data-loader="Please wait..." data-sitekey="6LfgR1UUAAAAAJ8-zrjvTk18gKat-4CdBPSrUJoR" data-callback="invisibleRecaptchaRemoteSubmit" data-disable-with="Join Toptal" wrapper="false" id="save_new_talent_create_applicant"> is not clickable at point (756, 717). Other element would receive the click: <div class="cookie_banner-message" data-role="message">...</div>
  (Session info: chrome=81.0.4044.138)
Build info: version: '3.141.59', revision: 'e82be7d358', time: '2018-11-14T08:25:48'
System info: host: 'WIN-81NG0PGA72A', ip: '172.16.12.128', os.name: 'Windows 7', os.arch: 'amd64', os.version: '6.1', java.version: '1.8.0_211'
Driver info: org.openqa.selenium.chrome.ChromeDriver
Capabilities {acceptInsecureCerts: false, browserName: chrome, browserVersion: 81.0.4044.138, chrome: {chromedriverVersion: 81.0.4044.138 (8c6c7ba89cc9..., userDataDir: C:\Users\P01242\AppData\Loc...}, goog:chromeOptions: {debuggerAddress: localhost:54712}, javascriptEnabled: true, networkConnectionEnabled: false, pageLoadStrategy: normal, platform: WINDOWS, platformName: WINDOWS, proxy: Proxy(), setWindowRect: true, strictFileInteractability: false, timeouts: {implicit: 0, pageLoad: 300000, script: 30000}, unhandledPromptBehavior: dismiss and notify, webauthn:virtualAuthenticators: true}
Session ID: 412dc801f9fe47af544bdf0559a5521d
at sun.reflect.NativeConstructorAccessorImpl.newInstance0(Native Method)
at sun.reflect.NativeConstructorAccessorImpl.newInstance(Unknown Source)
at sun.reflect.DelegatingConstructorAccessorImpl.newInstance(Unknown Source)
at java.lang.reflect.Constructor.newInstance(Unknown Source)
at org.openqa.selenium.remote.http.W3CHttpResponseCodec.createException(W3CHttpResponseCodec.java:187)
at org.openqa.selenium.remote.http.W3CHttpResponseCodec.decode(W3CHttpResponseCodec.java:122)
at org.openqa.selenium.remote.http.W3CHttpResponseCodec.decode(W3CHttpResponseCodec.java:49)
at org.openqa.selenium.remote.HttpCommandExecutor.execute(HttpCommandExecutor.java:158)
at org.openqa.selenium.remote.service.DriverCommandExecutor.execute(DriverCommandExecutor.java:83)
at org.openqa.selenium.remote.RemoteWebDriver.execute(RemoteWebDriver.java:552)
at org.openqa.selenium.remote.RemoteWebElement.execute(RemoteWebElement.java:285)
at org.openqa.selenium.remote.RemoteWebElement.click(RemoteWebElement.java:84)
at sun.reflect.NativeMethodAccessorImpl.invoke0(Native Method)
at sun.reflect.NativeMethodAccessorImpl.invoke(Unknown Source)
at sun.reflect.DelegatingMethodAccessorImpl.invoke(Unknown Source)
at java.lang.reflect.Method.invoke(Unknown Source)
at org.openqa.selenium.support.pagefactory.internal.LocatingElementHandler.invoke(LocatingElementHandler.java:51)
at com.sun.proxy.$Proxy8.click(Unknown Source)
at com.toptal.pageobjects.ToptalFreelancerPageObjects.registration(ToptalFreelancerPageObjects.java:38)
at com.toptal.script.ToptalScript.Registration(ToptalScript.java:37)
at sun.reflect.NativeMethodAccessorImpl.invoke0(Native Method)
at sun.reflect.NativeMethodAccessorImpl.invoke(Unknown Source)
at sun.reflect.DelegatingMethodAccessorImpl.invoke(Unknown Source)
at java.lang.reflect.Method.invoke(Unknown Source)
at org.testng.internal.MethodInvocationHelper.invokeMethod(MethodInvocationHelper.java:124)
at org.testng.internal.Invoker.invokeMethod(Invoker.java:583)
at org.testng.internal.Invoker.invokeTestMethod(Invoker.java:719)
at org.testng.internal.Invoker.invokeTestMethods(Invoker.java:989)
at org.testng.internal.TestMethodWorker.invokeTestMethods(TestMethodWorker.java:125)
at org.testng.internal.TestMethodWorker.run(TestMethodWorker.java:109)
at org.testng.TestRunner.privateRun(TestRunner.java:648)
at org.testng.TestRunner.run(TestRunner.java:505)
at org.testng.SuiteRunner.runTest(SuiteRunner.java:455)
at org.testng.SuiteRunner.runSequentially(SuiteRunner.java:450)
at org.testng.SuiteRunner.privateRun(SuiteRunner.java:415)
at org.testng.SuiteRunner.run(SuiteRunner.java:364)
at org.testng.SuiteRunnerWorker.runSuite(SuiteRunnerWorker.java:52)
at org.testng.SuiteRunnerWorker.run(SuiteRunnerWorker.java:84)
at org.testng.TestNG.runSuitesSequentially(TestNG.java:1208)
at org.testng.TestNG.runSuitesLocally(TestNG.java:1137)
at org.testng.TestNG.runSuites(TestNG.java:1049)
at org.testng.TestNG.run(TestNG.java:1017)
at org.testng.remote.AbstractRemoteTestNG.run(AbstractRemoteTestNG.java:114)
at org.testng.remote.RemoteTestNG.initAndRun(RemoteTestNG.java:251)
at org.testng.remote.RemoteTestNG.main(RemoteTestNG.java:77)
]]>
            </full-stacktrace>
          </exception> <!-- org.openqa.selenium.ElementClickInterceptedException -->
          <reporter-output>
          </reporter-output>
        </test-method> <!-- Registration -->
      </class> <!-- com.toptal.script.ToptalScript -->
    </test> <!-- Test -->
  </suite> <!-- com.toptal.script -->
</testng-results>
