<?xml version="1.0" encoding="UTF-8"?>
<!-- Generated by org.testng.reporters.JUnitXMLReporter -->
<testsuite hostname="WIN-81NG0PGA72A" ignored="0" name="Chrome Test Cases" tests="4" failures="0" timestamp="06 Jun 2019 14:09:39 GMT" time="23.404" errors="0">
  <testcase name="Browser" time="3.375" classname="automationFramework.YourLogoRegistrationParallel"/>
  <testcase name="Pageload" time="9.841" classname="automationFramework.YourLogoRegistrationParallel"/>
  <testcase name="Signin" time="7.996" classname="automationFramework.YourLogoRegistrationParallel"/>
  <testcase name="SignOut" time="2.162" classname="automationFramework.YourLogoRegistrationParallel"/>
</testsuite> <!-- Chrome Test Cases -->
