<?xml version="1.0" encoding="UTF-8"?>
<!-- Generated by org.testng.reporters.JUnitXMLReporter -->
<testsuite hostname="WIN-81NG0PGA72A" ignored="0" name="Firefox Test Cases" tests="4" failures="0" timestamp="06 Jun 2019 14:09:39 GMT" time="23.748" errors="0">
  <testcase name="Browser" time="5.7" classname="automationFramework.YourLogoRegistrationParallel"/>
  <testcase name="Pageload" time="8.084" classname="automationFramework.YourLogoRegistrationParallel"/>
  <testcase name="Signin" time="7.726" classname="automationFramework.YourLogoRegistrationParallel"/>
  <testcase name="SignOut" time="2.211" classname="automationFramework.YourLogoRegistrationParallel"/>
</testsuite> <!-- Firefox Test Cases -->
