<?xml version="1.0" encoding="UTF-8"?>
<!-- Generated by org.testng.reporters.JUnitXMLReporter -->
<testsuite hostname="WIN-81NG0PGA72A" ignored="0" name="IE Test Cases" tests="4" failures="0" timestamp="06 Jun 2019 14:09:43 GMT" time="27.565" errors="0">
  <testcase name="Browser" time="2.472" classname="automationFramework.YourLogoRegistrationParallel"/>
  <testcase name="Pageload" time="7.323" classname="automationFramework.YourLogoRegistrationParallel"/>
  <testcase name="Signin" time="13.975" classname="automationFramework.YourLogoRegistrationParallel"/>
  <testcase name="SignOut" time="3.749" classname="automationFramework.YourLogoRegistrationParallel"/>
</testsuite> <!-- IE Test Cases -->
