<?xml version="1.0" encoding="UTF-8"?>
<!-- Generated by org.testng.reporters.JUnitXMLReporter -->
<testsuite hostname="WIN-81NG0PGA72A" ignored="0" name="Default test" tests="5" failures="0" timestamp="11 Dec 2019 10:14:20 GMT" time="11.5" errors="0">
  <testcase name="PageLoad" time="7.866" classname="com.flipkart.scripts.FlipkartProductShopScript"/>
  <testcase name="startuplayer" time="0.314" classname="com.flipkart.scripts.FlipkartProductShopScript"/>
  <testcase name="searchingMobile" time="0.664" classname="com.flipkart.scripts.FlipkartProductShopScript"/>
  <testcase name="mobileSelection" time="0.662" classname="com.flipkart.scripts.FlipkartProductShopScript"/>
  <testcase name="addToCart" time="1.964" classname="com.flipkart.scripts.FlipkartProductShopScript"/>
</testsuite> <!-- Default test -->
