<?xml version="1.0" encoding="UTF-8"?>
<!-- Generated by org.testng.reporters.JUnitXMLReporter -->
<testsuite hostname="WIN-81NG0PGA72A" ignored="0" name="Sample Test" tests="3" failures="0" timestamp="23 May 2019 15:46:54 GMT" time="16.186" errors="0">
  <testcase name="f1" time="0.004" classname="seleniumInstallation.ClassEvaluation"/>
  <testcase name="f2" time="0.002" classname="seleniumInstallation.ClassEvaluation"/>
  <testcase name="LoginLogout" time="13.019" classname="seleniumInstallation.ZeroSecurity"/>
</testsuite> <!-- Sample Test -->
