<?xml version="1.0" encoding="UTF-8"?>
<!-- Generated by org.testng.reporters.JUnitXMLReporter -->
<testsuite hostname="WIN-81NG0PGA72A" ignored="0" name="Test" tests="3" failures="0" timestamp="21 Jun 2019 10:07:27 GMT" time="18.681" errors="0">
  <testcase name="Pageload" time="11.502" classname="scripts.HomePageScript"/>
  <testcase name="signin" time="4.655" classname="scripts.HomePageScript"/>
  <testcase name="signout" time="2.498" classname="scripts.HomePageScript"/>
</testsuite> <!-- Test -->
