<?xml version="1.0" encoding="UTF-8"?>
<!-- Generated by org.testng.reporters.JUnitXMLReporter -->
<testsuite hostname="WIN-81NG0PGA72A" ignored="0" name="IE Test Cases" tests="5" failures="0" timestamp="16 Jun 2019 01:06:56 GMT" time="30.713" errors="0">
  <testcase name="Browser" time="2.232" classname="TestNGPrograms.YourLogoLoginParallel"/>
  <testcase name="Pageload" time="7.704" classname="TestNGPrograms.YourLogoLoginParallel"/>
  <testcase name="login" time="17.097" classname="TestNGPrograms.YourLogoLoginParallel"/>
  <testcase name="logout" time="3.594" classname="TestNGPrograms.YourLogoLoginParallel"/>
  <testcase name="validation" time="0.053" classname="TestNGPrograms.YourLogoLoginParallel"/>
</testsuite> <!-- IE Test Cases -->
