<?xml version="1.0" encoding="UTF-8"?>
<!-- Generated by org.testng.reporters.JUnitXMLReporter -->
<testsuite hostname="WIN-81NG0PGA72A" ignored="1" name="Sample Test" tests="2" failures="0" timestamp="16 Jun 2019 01:11:28 GMT" time="0.032" errors="0">
  <testcase name="f1" time="0.008" classname="TestNGPrograms.GroupingConcept"/>
  <testcase name="f3" time="0.001" classname="TestNGPrograms.GroupingConcept"/>
  <testcase name="f2" time="0.0" classname="TestNGPrograms.GroupingConcept">
    <ignored/>
  </testcase> <!-- f2 -->
</testsuite> <!-- Sample Test -->
