<?xml version="1.0" encoding="UTF-8"?>
<!-- Generated by org.testng.reporters.JUnitXMLReporter -->
<testsuite hostname="WIN-81NG0PGA72A" ignored="0" name="YourlogoRegloginlogout" tests="6" failures="0" timestamp="21 Jul 2020 08:10:37 GMT" time="73.076" errors="0">
  <testcase name="pageLoad" time="13.114" classname="TestNGPrograms.YourLogoForTestNG"/>
  <testcase name="registration" time="11.398" classname="TestNGPrograms.YourLogoForTestNG"/>
  <testcase name="spersonalInfo" time="33.003" classname="TestNGPrograms.YourLogoForTestNG"/>
  <testcase name="taddressInfo" time="7.438" classname="TestNGPrograms.YourLogoForTestNG"/>
  <testcase name="usignOut" time="4.689" classname="TestNGPrograms.YourLogoForTestNG"/>
  <testcase name="vsignIn" time="3.417" classname="TestNGPrograms.YourLogoForTestNG"/>
</testsuite> <!-- YourlogoRegloginlogout -->
