<?xml version="1.0" encoding="UTF-8"?>
<!-- Generated by org.testng.reporters.JUnitXMLReporter -->
<testsuite hostname="WIN-81NG0PGA72A" ignored="0" name="Your Logo Registration Flow" tests="7" failures="0" timestamp="18 Nov 2019 06:49:30 GMT" time="4173.472" errors="0">
  <testcase name="Browser" time="3.294" classname="TestNGPrograms.YourLogoRegistration"/>
  <testcase name="Pageload" time="7.893" classname="TestNGPrograms.YourLogoRegistration"/>
  <testcase name="Registration" time="9.333" classname="TestNGPrograms.YourLogoRegistration"/>
  <testcase name="PersonalInformation" time="31.831" classname="TestNGPrograms.YourLogoRegistration"/>
  <testcase name="AddressInformation" time="4116.363" classname="TestNGPrograms.YourLogoRegistration"/>
  <testcase name="SignOut" time="2.42" classname="TestNGPrograms.YourLogoRegistration"/>
  <testcase name="Signin" time="2.222" classname="TestNGPrograms.YourLogoRegistration"/>
</testsuite> <!-- Your Logo Registration Flow -->
