<?xml version="1.0" encoding="UTF-8"?>
<!-- Generated by org.testng.reporters.JUnitXMLReporter -->
<testsuite hostname="WIN-81NG0PGA72A" ignored="0" name="Default test" tests="3" failures="0" timestamp="22 Aug 2019 10:36:58 GMT" time="23.404" errors="0">
  <testcase name="Pageload" time="13.029" classname="scripts.HomePageScript"/>
  <testcase name="signin" time="7.034" classname="scripts.HomePageScript"/>
  <testcase name="signout" time="3.285" classname="scripts.HomePageScript"/>
</testsuite> <!-- Default test -->
