<?xml version="1.0" encoding="UTF-8"?>
<!-- Generated by org.testng.reporters.JUnitXMLReporter -->
<testsuite hostname="WIN-81NG0PGA72A" ignored="0" name="Default test" tests="5" failures="0" timestamp="09 Sep 2019 12:45:40 GMT" time="8.231" errors="0">
  <testcase name="addTask" time="0.397" classname="Framework.ToDoSite"/>
  <testcase name="taskCompletion" time="0.071" classname="Framework.ToDoSite"/>
  <testcase name="pendingCount" time="0.045" classname="Framework.ToDoSite"/>
  <testcase name="deleteTask" time="0.226" classname="Framework.ToDoSite"/>
  <testcase name="clearComplete" time="0.114" classname="Framework.ToDoSite"/>
</testsuite> <!-- Default test -->
