<?xml version="1.0" encoding="UTF-8"?>
<!-- Generated by org.testng.reporters.JUnitXMLReporter -->
<testsuite hostname="WIN-81NG0PGA72A" ignored="0" name="Chrome Test Cases" tests="5" failures="0" timestamp="16 Jun 2019 01:06:51 GMT" time="25.336" errors="0">
  <testcase name="Browser" time="3.175" classname="TestNGPrograms.YourLogoLoginParallel"/>
  <testcase name="Pageload" time="10.44" classname="TestNGPrograms.YourLogoLoginParallel"/>
  <testcase name="login" time="7.886" classname="TestNGPrograms.YourLogoLoginParallel"/>
  <testcase name="logout" time="3.765" classname="TestNGPrograms.YourLogoLoginParallel"/>
  <testcase name="validation" time="0.015" classname="TestNGPrograms.YourLogoLoginParallel"/>
</testsuite> <!-- Chrome Test Cases -->
