<?xml version="1.0" encoding="UTF-8"?>
<!-- Generated by org.testng.reporters.JUnitXMLReporter -->
<testsuite hostname="WIN-81NG0PGA72A" ignored="0" name="Firefox Test Cases" tests="5" failures="0" timestamp="16 Jun 2019 01:06:53 GMT" time="27.593" errors="0">
  <testcase name="Browser" time="8.353" classname="TestNGPrograms.YourLogoLoginParallel"/>
  <testcase name="Pageload" time="9.633" classname="TestNGPrograms.YourLogoLoginParallel"/>
  <testcase name="login" time="6.772" classname="TestNGPrograms.YourLogoLoginParallel"/>
  <testcase name="logout" time="2.786" classname="TestNGPrograms.YourLogoLoginParallel"/>
  <testcase name="validation" time="0.015" classname="TestNGPrograms.YourLogoLoginParallel"/>
</testsuite> <!-- Firefox Test Cases -->
