<?xml version="1.0" encoding="UTF-8"?>
<!-- Generated by org.testng.reporters.JUnitXMLReporter -->
<testsuite hostname="WIN-81NG0PGA72A" ignored="0" name="Event Creation and Ticket Booking Using BitCoin" tests="6" failures="0" timestamp="25 Jul 2019 21:52:33 GMT" time="69.981" errors="0">
  <testcase name="PageLoad" time="8.597" classname="io.kickCity.KickCityCheck"/>
  <testcase name="Signin" time="1.327" classname="io.kickCity.KickCityCheck"/>
  <testcase name="CreateEvent" time="1.926" classname="io.kickCity.KickCityCheck"/>
  <testcase name="EventCreation" time="36.842" classname="io.kickCity.KickCityCheck"/>
  <testcase name="BookingPage" time="5.802" classname="io.kickCity.KickCityCheck"/>
  <testcase name="Payment" time="15.43" classname="io.kickCity.KickCityCheck"/>
</testsuite> <!-- Event Creation and Ticket Booking Using BitCoin -->
