<?xml version="1.0" encoding="UTF-8"?>
<!-- Generated by org.testng.reporters.JUnitXMLReporter -->
<testsuite hostname="WIN-81NG0PGA72A" ignored="0" name="Test" tests="6" failures="0" timestamp="25 Jul 2019 21:42:29 GMT" time="70.39" errors="0">
  <testcase name="PageLoad" time="9.1" classname="io.kickCity.KickCityCheck"/>
  <testcase name="Signin" time="1.436" classname="io.kickCity.KickCityCheck"/>
  <testcase name="CreateEvent" time="2.061" classname="io.kickCity.KickCityCheck"/>
  <testcase name="EventCreation" time="36.337" classname="io.kickCity.KickCityCheck"/>
  <testcase name="BookingPage" time="6.01" classname="io.kickCity.KickCityCheck"/>
  <testcase name="Payment" time="15.384" classname="io.kickCity.KickCityCheck"/>
</testsuite> <!-- Test -->
