<?xml version="1.0" encoding="UTF-8"?>
<!-- Generated by org.testng.reporters.JUnitXMLReporter -->
<testsuite hostname="WIN-81NG0PGA72A" ignored="0" name="Default test" tests="4" failures="0" timestamp="09 Dec 2020 03:38:20 GMT" time="30.991" errors="0">
  <testcase name="loginTest" time="1.805" classname="script.Excelutils"/>
  <testcase name="loginTest" time="0.772" classname="script.Excelutils"/>
  <testcase name="loginTest" time="1.136" classname="script.Excelutils"/>
  <testcase name="loginTest" time="6.868" classname="script.Excelutils"/>
</testsuite> <!-- Default test -->
