<?xml version="1.0" encoding="UTF-8"?>
<!-- Generated by org.testng.reporters.JUnitXMLReporter -->
<testsuite hostname="WIN-81NG0PGA72A" ignored="0" name="Default test" tests="4" failures="0" timestamp="29 Oct 2020 02:41:36 GMT" time="39.712" errors="0">
  <testcase name="loginTest" time="1.653" classname="script.Excelutils"/>
  <testcase name="loginTest" time="0.686" classname="script.Excelutils"/>
  <testcase name="loginTest" time="2.516" classname="script.Excelutils"/>
  <testcase name="loginTest" time="8.004" classname="script.Excelutils"/>
</testsuite> <!-- Default test -->
