<?xml version="1.0" encoding="UTF-8"?>
<testng-results skipped="0" failed="0" ignored="0" total="1" passed="1">
  <reporter-output>
  </reporter-output>
  <suite name="Default suite" duration-ms="13368" started-at="2020-02-28T06:31:36Z" finished-at="2020-02-28T06:31:50Z">
    <groups>
    </groups>
    <test name="Default test" duration-ms="13368" started-at="2020-02-28T06:31:36Z" finished-at="2020-02-28T06:31:50Z">
      <class name="accessibilityTest.Test1">
        <test-method status="PASS" signature="pageLoad()[pri:0, instance:accessibilityTest.Test1@36d4b5c]" name="pageLoad" duration-ms="13321" started-at="2020-02-28T06:31:36Z" finished-at="2020-02-28T06:31:50Z">
          <reporter-output>
          </reporter-output>
        </test-method> <!-- pageLoad -->
      </class> <!-- accessibilityTest.Test1 -->
    </test> <!-- Default test -->
  </suite> <!-- Default suite -->
</testng-results>
