<?xml version="1.0" encoding="UTF-8"?>
<testng-results skipped="0" failed="0" ignored="0" total="4" passed="4">
  <reporter-output>
  </reporter-output>
  <suite name="Default suite" duration-ms="39712" started-at="2020-10-29T02:40:56Z" finished-at="2020-10-29T02:41:36Z">
    <groups>
    </groups>
    <test name="Default test" duration-ms="39712" started-at="2020-10-29T02:40:56Z" finished-at="2020-10-29T02:41:36Z">
      <class name="script.Excelutils">
        <test-method status="PASS" signature="pageload()[pri:0, instance:script.Excelutils@61832929]" name="pageload" is-config="true" duration-ms="7407" started-at="2020-10-29T02:41:01Z" finished-at="2020-10-29T02:41:09Z">
          <reporter-output>
          </reporter-output>
        </test-method> <!-- pageload -->
        <test-method status="PASS" signature="loginTest(java.lang.String, java.lang.String)[pri:0, instance:script.Excelutils@61832929]" name="loginTest" duration-ms="1653" started-at="2020-10-29T02:41:09Z" data-provider="getlogindata" finished-at="2020-10-29T02:41:11Z">
          <params>
            <param index="0">
              <value>
                <![CDATA[standard_user]]>
              </value>
            </param>
            <param index="1">
              <value>
                <![CDATA[secret_sauce]]>
              </value>
            </param>
          </params>
          <reporter-output>
          </reporter-output>
        </test-method> <!-- loginTest -->
        <test-method status="PASS" signature="pageload()[pri:0, instance:script.Excelutils@61832929]" name="pageload" is-config="true" duration-ms="4717" started-at="2020-10-29T02:41:11Z" finished-at="2020-10-29T02:41:15Z">
          <reporter-output>
          </reporter-output>
        </test-method> <!-- pageload -->
        <test-method status="PASS" signature="loginTest(java.lang.String, java.lang.String)[pri:0, instance:script.Excelutils@61832929]" name="loginTest" duration-ms="686" started-at="2020-10-29T02:41:15Z" data-provider="getlogindata" finished-at="2020-10-29T02:41:16Z">
          <params>
            <param index="0">
              <value>
                <![CDATA[locked_out_user]]>
              </value>
            </param>
            <param index="1">
              <value>
                <![CDATA[secret_sauce]]>
              </value>
            </param>
          </params>
          <reporter-output>
          </reporter-output>
        </test-method> <!-- loginTest -->
        <test-method status="PASS" signature="pageload()[pri:0, instance:script.Excelutils@61832929]" name="pageload" is-config="true" duration-ms="4588" started-at="2020-10-29T02:41:16Z" finished-at="2020-10-29T02:41:21Z">
          <reporter-output>
          </reporter-output>
        </test-method> <!-- pageload -->
        <test-method status="PASS" signature="loginTest(java.lang.String, java.lang.String)[pri:0, instance:script.Excelutils@61832929]" name="loginTest" duration-ms="2516" started-at="2020-10-29T02:41:21Z" data-provider="getlogindata" finished-at="2020-10-29T02:41:23Z">
          <params>
            <param index="0">
              <value>
                <![CDATA[problem_user]]>
              </value>
            </param>
            <param index="1">
              <value>
                <![CDATA[secret_sauce]]>
              </value>
            </param>
          </params>
          <reporter-output>
          </reporter-output>
        </test-method> <!-- loginTest -->
        <test-method status="PASS" signature="pageload()[pri:0, instance:script.Excelutils@61832929]" name="pageload" is-config="true" duration-ms="5015" started-at="2020-10-29T02:41:23Z" finished-at="2020-10-29T02:41:28Z">
          <reporter-output>
          </reporter-output>
        </test-method> <!-- pageload -->
        <test-method status="PASS" signature="loginTest(java.lang.String, java.lang.String)[pri:0, instance:script.Excelutils@61832929]" name="loginTest" duration-ms="8004" started-at="2020-10-29T02:41:28Z" data-provider="getlogindata" finished-at="2020-10-29T02:41:36Z">
          <params>
            <param index="0">
              <value>
                <![CDATA[performance_glitch_user]]>
              </value>
            </param>
            <param index="1">
              <value>
                <![CDATA[secret_sauce]]>
              </value>
            </param>
          </params>
          <reporter-output>
          </reporter-output>
        </test-method> <!-- loginTest -->
      </class> <!-- script.Excelutils -->
    </test> <!-- Default test -->
  </suite> <!-- Default suite -->
</testng-results>
