<?xml version="1.0" encoding="UTF-8"?>
<testng-results skipped="0" failed="0" ignored="0" total="4" passed="4">
  <reporter-output>
  </reporter-output>
  <suite name="Default suite" duration-ms="30991" started-at="2020-12-09T03:37:48Z" finished-at="2020-12-09T03:38:19Z">
    <groups>
    </groups>
    <test name="Default test" duration-ms="30991" started-at="2020-12-09T03:37:48Z" finished-at="2020-12-09T03:38:19Z">
      <class name="script.Excelutils">
        <test-method status="PASS" signature="pageload()[pri:0, instance:script.Excelutils@61832929]" name="pageload" is-config="true" duration-ms="5510" started-at="2020-12-09T03:37:49Z" finished-at="2020-12-09T03:37:55Z">
          <reporter-output>
          </reporter-output>
        </test-method> <!-- pageload -->
        <test-method status="PASS" signature="loginTest(java.lang.String, java.lang.String)[pri:0, instance:script.Excelutils@61832929]" name="loginTest" duration-ms="1805" started-at="2020-12-09T03:37:55Z" data-provider="getlogindata" finished-at="2020-12-09T03:37:57Z">
          <params>
            <param index="0">
              <value>
                <![CDATA[standard_user]]>
              </value>
            </param>
            <param index="1">
              <value>
                <![CDATA[secret_sauce]]>
              </value>
            </param>
          </params>
          <reporter-output>
          </reporter-output>
        </test-method> <!-- loginTest -->
        <test-method status="PASS" signature="pageload()[pri:0, instance:script.Excelutils@61832929]" name="pageload" is-config="true" duration-ms="4892" started-at="2020-12-09T03:37:57Z" finished-at="2020-12-09T03:38:02Z">
          <reporter-output>
          </reporter-output>
        </test-method> <!-- pageload -->
        <test-method status="PASS" signature="loginTest(java.lang.String, java.lang.String)[pri:0, instance:script.Excelutils@61832929]" name="loginTest" duration-ms="772" started-at="2020-12-09T03:38:02Z" data-provider="getlogindata" finished-at="2020-12-09T03:38:02Z">
          <params>
            <param index="0">
              <value>
                <![CDATA[locked_out_user]]>
              </value>
            </param>
            <param index="1">
              <value>
                <![CDATA[secret_sauce]]>
              </value>
            </param>
          </params>
          <reporter-output>
          </reporter-output>
        </test-method> <!-- loginTest -->
        <test-method status="PASS" signature="pageload()[pri:0, instance:script.Excelutils@61832929]" name="pageload" is-config="true" duration-ms="4606" started-at="2020-12-09T03:38:02Z" finished-at="2020-12-09T03:38:07Z">
          <reporter-output>
          </reporter-output>
        </test-method> <!-- pageload -->
        <test-method status="PASS" signature="loginTest(java.lang.String, java.lang.String)[pri:0, instance:script.Excelutils@61832929]" name="loginTest" duration-ms="1136" started-at="2020-12-09T03:38:07Z" data-provider="getlogindata" finished-at="2020-12-09T03:38:08Z">
          <params>
            <param index="0">
              <value>
                <![CDATA[problem_user]]>
              </value>
            </param>
            <param index="1">
              <value>
                <![CDATA[secret_sauce]]>
              </value>
            </param>
          </params>
          <reporter-output>
          </reporter-output>
        </test-method> <!-- loginTest -->
        <test-method status="PASS" signature="pageload()[pri:0, instance:script.Excelutils@61832929]" name="pageload" is-config="true" duration-ms="4250" started-at="2020-12-09T03:38:08Z" finished-at="2020-12-09T03:38:12Z">
          <reporter-output>
          </reporter-output>
        </test-method> <!-- pageload -->
        <test-method status="PASS" signature="loginTest(java.lang.String, java.lang.String)[pri:0, instance:script.Excelutils@61832929]" name="loginTest" duration-ms="6868" started-at="2020-12-09T03:38:12Z" data-provider="getlogindata" finished-at="2020-12-09T03:38:19Z">
          <params>
            <param index="0">
              <value>
                <![CDATA[performance_glitch_user]]>
              </value>
            </param>
            <param index="1">
              <value>
                <![CDATA[secret_sauce]]>
              </value>
            </param>
          </params>
          <reporter-output>
          </reporter-output>
        </test-method> <!-- loginTest -->
      </class> <!-- script.Excelutils -->
    </test> <!-- Default test -->
  </suite> <!-- Default suite -->
</testng-results>
