<?xml version="1.0" encoding="UTF-8"?>
<!-- Generated by org.testng.reporters.JUnitXMLReporter -->
<testsuite hostname="WIN-81NG0PGA72A" ignored="0" name="Test" tests="3" failures="0" timestamp="21 Jun 2019 10:24:43 GMT" time="13.775" errors="0">
  <testcase name="gmail" time="4.698" classname="seleniumInstallation.MultipleRuns"/>
  <testcase name="gmail" time="3.739" classname="seleniumInstallation.MultipleRuns"/>
  <testcase name="gmail" time="5.295" classname="seleniumInstallation.MultipleRuns"/>
</testsuite> <!-- Test -->
