<?xml version="1.0" encoding="UTF-8"?>
<!-- Generated by org.testng.reporters.JUnitXMLReporter -->
<testsuite hostname="WIN-81NG0PGA72A" ignored="0" name="Default test" tests="4" failures="0" timestamp="01 Aug 2020 04:59:35 GMT" time="32.152" errors="0">
  <testcase name="a_bootstrapsite" time="20.132" classname="TestNGPrograms.BootStrapSpiceJet"/>
  <testcase name="b_spicejetfrom" time="5.542" classname="TestNGPrograms.BootStrapSpiceJet"/>
  <testcase name="c_spicejetto" time="5.569" classname="TestNGPrograms.BootStrapSpiceJet"/>
  <testcase name="d_spicejetdeparturedate" time="0.879" classname="TestNGPrograms.BootStrapSpiceJet"/>
</testsuite> <!-- Default test -->
