<?xml version="1.0" encoding="UTF-8"?>
<!-- Generated by org.testng.reporters.JUnitXMLReporter -->
<testsuite hostname="WIN-81NG0PGA72A" ignored="0" name="Default test" tests="4" failures="0" timestamp="27 Jul 2020 15:18:19 GMT" time="96.558" errors="0">
  <testcase name="a_pageload" time="10.431" classname="TestNGPrograms.OrangeHRM"/>
  <testcase name="b_login" time="12.401" classname="TestNGPrograms.OrangeHRM"/>
  <testcase name="c_addEmployeeStep" time="34.95" classname="TestNGPrograms.OrangeHRM"/>
  <testcase name="d_personaldetails" time="38.7" classname="TestNGPrograms.OrangeHRM"/>
</testsuite> <!-- Default test -->
