<?xml version="1.0" encoding="UTF-8"?>
<testng-results skipped="0" failed="0" ignored="0" total="2" passed="2">
  <reporter-output>
  </reporter-output>
  <suite name="Default suite" duration-ms="12331" started-at="2020-08-06T09:43:24Z" finished-at="2020-08-06T09:43:36Z">
    <groups>
    </groups>
    <test name="Default test" duration-ms="12331" started-at="2020-08-06T09:43:24Z" finished-at="2020-08-06T09:43:36Z">
      <class name="TestNGPrograms.AutoITUpload">
        <test-method status="PASS" signature="pageload()[pri:0, instance:TestNGPrograms.AutoITUpload@57fffcd7]" name="pageload" duration-ms="6129" started-at="2020-08-06T09:43:24Z" finished-at="2020-08-06T09:43:30Z">
          <reporter-output>
          </reporter-output>
        </test-method> <!-- pageload -->
        <test-method status="PASS" signature="runtime()[pri:0, instance:TestNGPrograms.AutoITUpload@57fffcd7]" name="runtime" duration-ms="6110" started-at="2020-08-06T09:43:30Z" finished-at="2020-08-06T09:43:36Z">
          <reporter-output>
          </reporter-output>
        </test-method> <!-- runtime -->
      </class> <!-- TestNGPrograms.AutoITUpload -->
    </test> <!-- Default test -->
  </suite> <!-- Default suite -->
</testng-results>
